#
# There is insufficient memory for the Java Runtime Environment to continue.
# Native memory allocation (mmap) failed to map 87031808 bytes for committing reserved memory.
# Possible reasons:
#   The system is out of physical RAM or swap space
#   In 32 bit mode, the process size limit was hit
# Possible solutions:
#   Reduce memory load on the system
#   Increase physical memory or swap space
#   Check if swap backing store is full
#   Use 64 bit Java on a 64 bit OS
#   Decrease Java heap size (-Xmx/-Xms)
#   Decrease number of Java threads
#   Decrease Java thread stack sizes (-Xss)
#   Set larger code cache with -XX:ReservedCodeCacheSize=
# This output file may be truncated or incomplete.
#
#  Out of Memory Error (os_linux.cpp:2627), pid=14571, tid=0x00007f5fbaf72700
#
# JRE version:  (8.0_121-b13) (build )
# Java VM: Java HotSpot(TM) 64-Bit Server VM (25.121-b13 mixed mode linux-amd64 compressed oops)
# Failed to write core dump. Core dumps have been disabled. To enable core dumping, try "ulimit -c unlimited" before starting Java again
#

---------------  T H R E A D  ---------------

Current thread (0x00007f5fb400a000):  JavaThread "Unknown thread" [_thread_in_vm, id=14572, stack(0x00007f5fbae72000,0x00007f5fbaf73000)]

Stack: [0x00007f5fbae72000,0x00007f5fbaf73000],  sp=0x00007f5fbaf713c0,  free space=1020k
Native frames: (J=compiled Java code, j=interpreted, Vv=VM code, C=native code)
V  [libjvm.so+0xac703a]  VMError::report_and_die()+0x2ba
V  [libjvm.so+0x4fc7eb]  report_vm_out_of_memory(char const*, int, unsigned long, VMErrorType, char const*)+0x8b
V  [libjvm.so+0x923c43]  os::Linux::commit_memory_impl(char*, unsigned long, bool)+0x103
V  [libjvm.so+0x924199]  os::pd_commit_memory(char*, unsigned long, unsigned long, bool)+0x29
V  [libjvm.so+0x91e4aa]  os::commit_memory(char*, unsigned long, unsigned long, bool)+0x2a
V  [libjvm.so+0x992f03]  PSVirtualSpace::expand_by(unsigned long)+0x53
V  [libjvm.so+0x983017]  PSOldGen::initialize(ReservedSpace, unsigned long, char const*, int)+0xb7
V  [libjvm.so+0x2d89aa]  AdjoiningGenerations::AdjoiningGenerations(ReservedSpace, GenerationSizer*, unsigned long)+0x39a
V  [libjvm.so+0x9472d6]  ParallelScavengeHeap::initialize()+0x1d6
V  [libjvm.so+0xa8eff3]  Universe::initialize_heap()+0xf3
V  [libjvm.so+0xa8f55e]  universe_init()+0x3e
V  [libjvm.so+0x63d4f5]  init_globals()+0x65
V  [libjvm.so+0xa72c4e]  Threads::create_vm(JavaVMInitArgs*, bool*)+0x23e
V  [libjvm.so+0x6d1d94]  JNI_CreateJavaVM+0x74
C  [libjli.so+0x745e]  JavaMain+0x9e
C  [libpthread.so.0+0x76ba]  start_thread+0xca


---------------  P R O C E S S  ---------------

Java Threads: ( => current thread )

Other Threads:

=>0x00007f5fb400a000 (exited) JavaThread "Unknown thread" [_thread_in_vm, id=14572, stack(0x00007f5fbae72000,0x00007f5fbaf73000)]

VM state:not at safepoint (not fully initialized)

VM Mutex/Monitor currently owned by a thread: None

GC Heap History (0 events):
No events

Deoptimization events (0 events):
No events

Internal exceptions (0 events):
No events

Events (0 events):
No events


Dynamic libraries:
00400000-00401000 r-xp 00000000 08:02 18275434                           /usr/lib/jvm/jdk1.8.0_121/jre/bin/java
00600000-00601000 rw-p 00000000 08:02 18275434                           /usr/lib/jvm/jdk1.8.0_121/jre/bin/java
01e57000-01e78000 rw-p 00000000 00:00 0                                  [heap]
8ab00000-d7300000 ---p 00000000 00:00 0 
d7300000-d9c00000 rw-p 00000000 00:00 0 
d9c00000-100000000 ---p 00000000 00:00 0 
7f5fa44b9000-7f5fa4650000 rw-p 00000000 00:00 0 
7f5fa4650000-7f5fa48dd000 ---p 00000000 00:00 0 
7f5fa48dd000-7f5fa48f2000 rw-p 00000000 00:00 0 
7f5fa48f2000-7f5fa4a24000 ---p 00000000 00:00 0 
7f5fa4a24000-7f5fa4a2f000 rw-p 00000000 00:00 0 
7f5fa4a2f000-7f5fa4de5000 ---p 00000000 00:00 0 
7f5fa4de5000-7f5fa5055000 rwxp 00000000 00:00 0 
7f5fa5055000-7f5fb3de5000 ---p 00000000 00:00 0 
7f5fb3de5000-7f5fb3dff000 r-xp 00000000 08:02 18275229                   /usr/lib/jvm/jdk1.8.0_121/jre/lib/amd64/libzip.so
7f5fb3dff000-7f5fb3fff000 ---p 0001a000 08:02 18275229                   /usr/lib/jvm/jdk1.8.0_121/jre/lib/amd64/libzip.so
7f5fb3fff000-7f5fb4000000 rw-p 0001a000 08:02 18275229                   /usr/lib/jvm/jdk1.8.0_121/jre/lib/amd64/libzip.so
7f5fb4000000-7f5fb4034000 rw-p 00000000 00:00 0 
7f5fb4034000-7f5fb8000000 ---p 00000000 00:00 0 
7f5fb810a000-7f5fb81fa000 rw-p 00000000 00:00 0 
7f5fb81fa000-7f5fb8205000 r-xp 00000000 08:02 19136714                   /lib/x86_64-linux-gnu/libnss_files-2.23.so
7f5fb8205000-7f5fb8404000 ---p 0000b000 08:02 19136714                   /lib/x86_64-linux-gnu/libnss_files-2.23.so
7f5fb8404000-7f5fb8405000 r--p 0000a000 08:02 19136714                   /lib/x86_64-linux-gnu/libnss_files-2.23.so
7f5fb8405000-7f5fb8406000 rw-p 0000b000 08:02 19136714                   /lib/x86_64-linux-gnu/libnss_files-2.23.so
7f5fb8406000-7f5fb840c000 rw-p 00000000 00:00 0 
7f5fb840c000-7f5fb8417000 r-xp 00000000 08:02 19136576                   /lib/x86_64-linux-gnu/libnss_nis-2.23.so
7f5fb8417000-7f5fb8616000 ---p 0000b000 08:02 19136576                   /lib/x86_64-linux-gnu/libnss_nis-2.23.so
7f5fb8616000-7f5fb8617000 r--p 0000a000 08:02 19136576                   /lib/x86_64-linux-gnu/libnss_nis-2.23.so
7f5fb8617000-7f5fb8618000 rw-p 0000b000 08:02 19136576                   /lib/x86_64-linux-gnu/libnss_nis-2.23.so
7f5fb8618000-7f5fb862e000 r-xp 00000000 08:02 19136582                   /lib/x86_64-linux-gnu/libnsl-2.23.so
7f5fb862e000-7f5fb882d000 ---p 00016000 08:02 19136582                   /lib/x86_64-linux-gnu/libnsl-2.23.so
7f5fb882d000-7f5fb882e000 r--p 00015000 08:02 19136582                   /lib/x86_64-linux-gnu/libnsl-2.23.so
7f5fb882e000-7f5fb882f000 rw-p 00016000 08:02 19136582                   /lib/x86_64-linux-gnu/libnsl-2.23.so
7f5fb882f000-7f5fb8831000 rw-p 00000000 00:00 0 
7f5fb8831000-7f5fb8839000 r-xp 00000000 08:02 19136759                   /lib/x86_64-linux-gnu/libnss_compat-2.23.so
7f5fb8839000-7f5fb8a38000 ---p 00008000 08:02 19136759                   /lib/x86_64-linux-gnu/libnss_compat-2.23.so
7f5fb8a38000-7f5fb8a39000 r--p 00007000 08:02 19136759                   /lib/x86_64-linux-gnu/libnss_compat-2.23.so
7f5fb8a39000-7f5fb8a3a000 rw-p 00008000 08:02 19136759                   /lib/x86_64-linux-gnu/libnss_compat-2.23.so
7f5fb8a3a000-7f5fb8a65000 r-xp 00000000 08:02 18275255                   /usr/lib/jvm/jdk1.8.0_121/jre/lib/amd64/libjava.so
7f5fb8a65000-7f5fb8c64000 ---p 0002b000 08:02 18275255                   /usr/lib/jvm/jdk1.8.0_121/jre/lib/amd64/libjava.so
7f5fb8c64000-7f5fb8c66000 rw-p 0002a000 08:02 18275255                   /usr/lib/jvm/jdk1.8.0_121/jre/lib/amd64/libjava.so
7f5fb8c66000-7f5fb8c73000 r-xp 00000000 08:02 18275207                   /usr/lib/jvm/jdk1.8.0_121/jre/lib/amd64/libverify.so
7f5fb8c73000-7f5fb8e72000 ---p 0000d000 08:02 18275207                   /usr/lib/jvm/jdk1.8.0_121/jre/lib/amd64/libverify.so
7f5fb8e72000-7f5fb8e74000 rw-p 0000c000 08:02 18275207                   /usr/lib/jvm/jdk1.8.0_121/jre/lib/amd64/libverify.so
7f5fb8e74000-7f5fb8e7b000 r-xp 00000000 08:02 19136760                   /lib/x86_64-linux-gnu/librt-2.23.so
7f5fb8e7b000-7f5fb907a000 ---p 00007000 08:02 19136760                   /lib/x86_64-linux-gnu/librt-2.23.so
7f5fb907a000-7f5fb907b000 r--p 00006000 08:02 19136760                   /lib/x86_64-linux-gnu/librt-2.23.so
7f5fb907b000-7f5fb907c000 rw-p 00007000 08:02 19136760                   /lib/x86_64-linux-gnu/librt-2.23.so
7f5fb907c000-7f5fb9184000 r-xp 00000000 08:02 19136577                   /lib/x86_64-linux-gnu/libm-2.23.so
7f5fb9184000-7f5fb9383000 ---p 00108000 08:02 19136577                   /lib/x86_64-linux-gnu/libm-2.23.so
7f5fb9383000-7f5fb9384000 r--p 00107000 08:02 19136577                   /lib/x86_64-linux-gnu/libm-2.23.so
7f5fb9384000-7f5fb9385000 rw-p 00108000 08:02 19136577                   /lib/x86_64-linux-gnu/libm-2.23.so
7f5fb9385000-7f5fba053000 r-xp 00000000 08:02 18275258                   /usr/lib/jvm/jdk1.8.0_121/jre/lib/amd64/server/libjvm.so
7f5fba053000-7f5fba253000 ---p 00cce000 08:02 18275258                   /usr/lib/jvm/jdk1.8.0_121/jre/lib/amd64/server/libjvm.so
7f5fba253000-7f5fba32c000 rw-p 00cce000 08:02 18275258                   /usr/lib/jvm/jdk1.8.0_121/jre/lib/amd64/server/libjvm.so
7f5fba32c000-7f5fba377000 rw-p 00000000 00:00 0 
7f5fba377000-7f5fba536000 r-xp 00000000 08:02 19136583                   /lib/x86_64-linux-gnu/libc-2.23.so
7f5fba536000-7f5fba736000 ---p 001bf000 08:02 19136583                   /lib/x86_64-linux-gnu/libc-2.23.so
7f5fba736000-7f5fba73a000 r--p 001bf000 08:02 19136583                   /lib/x86_64-linux-gnu/libc-2.23.so
7f5fba73a000-7f5fba73c000 rw-p 001c3000 08:02 19136583                   /lib/x86_64-linux-gnu/libc-2.23.so
7f5fba73c000-7f5fba740000 rw-p 00000000 00:00 0 
7f5fba740000-7f5fba743000 r-xp 00000000 08:02 19136575                   /lib/x86_64-linux-gnu/libdl-2.23.so
7f5fba743000-7f5fba942000 ---p 00003000 08:02 19136575                   /lib/x86_64-linux-gnu/libdl-2.23.so
7f5fba942000-7f5fba943000 r--p 00002000 08:02 19136575                   /lib/x86_64-linux-gnu/libdl-2.23.so
7f5fba943000-7f5fba944000 rw-p 00003000 08:02 19136575                   /lib/x86_64-linux-gnu/libdl-2.23.so
7f5fba944000-7f5fba959000 r-xp 00000000 08:02 18275244                   /usr/lib/jvm/jdk1.8.0_121/jre/lib/amd64/jli/libjli.so
7f5fba959000-7f5fbab59000 ---p 00015000 08:02 18275244                   /usr/lib/jvm/jdk1.8.0_121/jre/lib/amd64/jli/libjli.so
7f5fbab59000-7f5fbab5a000 rw-p 00015000 08:02 18275244                   /usr/lib/jvm/jdk1.8.0_121/jre/lib/amd64/jli/libjli.so
7f5fbab5a000-7f5fbab72000 r-xp 00000000 08:02 19136764                   /lib/x86_64-linux-gnu/libpthread-2.23.so
7f5fbab72000-7f5fbad71000 ---p 00018000 08:02 19136764                   /lib/x86_64-linux-gnu/libpthread-2.23.so
7f5fbad71000-7f5fbad72000 r--p 00017000 08:02 19136764                   /lib/x86_64-linux-gnu/libpthread-2.23.so
7f5fbad72000-7f5fbad73000 rw-p 00018000 08:02 19136764                   /lib/x86_64-linux-gnu/libpthread-2.23.so
7f5fbad73000-7f5fbad77000 rw-p 00000000 00:00 0 
7f5fbad77000-7f5fbad9d000 r-xp 00000000 08:02 19136584                   /lib/x86_64-linux-gnu/ld-2.23.so
7f5fbae72000-7f5fbae75000 ---p 00000000 00:00 0 
7f5fbae75000-7f5fbaf77000 rw-p 00000000 00:00 0 
7f5fbaf90000-7f5fbaf98000 rw-s 00000000 08:02 12452925                   /tmp/hsperfdata_atom/14571
7f5fbaf98000-7f5fbaf99000 rw-p 00000000 00:00 0 
7f5fbaf99000-7f5fbaf9a000 r--p 00000000 00:00 0 
7f5fbaf9a000-7f5fbaf9c000 rw-p 00000000 00:00 0 
7f5fbaf9c000-7f5fbaf9d000 r--p 00025000 08:02 19136584                   /lib/x86_64-linux-gnu/ld-2.23.so
7f5fbaf9d000-7f5fbaf9e000 rw-p 00026000 08:02 19136584                   /lib/x86_64-linux-gnu/ld-2.23.so
7f5fbaf9e000-7f5fbaf9f000 rw-p 00000000 00:00 0 
7ffca8eb0000-7ffca8ed1000 rw-p 00000000 00:00 0                          [stack]
7ffca8f76000-7ffca8f78000 r--p 00000000 00:00 0                          [vvar]
7ffca8f78000-7ffca8f7a000 r-xp 00000000 00:00 0                          [vdso]
ffffffffff600000-ffffffffff601000 r-xp 00000000 00:00 0                  [vsyscall]

VM Arguments:
java_command: /home/atom/Documents/Work/ITI/GradProji/CafeteriaWeb/Cafetria-Module/Cafetria-Service/target/surefire/surefirebooter7790430463443554788.jar /home/atom/Documents/Work/ITI/GradProji/CafeteriaWeb/Cafetria-Module/Cafetria-Service/target/surefire/surefire3478373543374218225tmp /home/atom/Documents/Work/ITI/GradProji/CafeteriaWeb/Cafetria-Module/Cafetria-Service/target/surefire/surefire4716058499375057628tmp
java_class_path (initial): /home/atom/Documents/Work/ITI/GradProji/CafeteriaWeb/Cafetria-Module/Cafetria-Service/target/surefire/surefirebooter7790430463443554788.jar
Launcher Type: SUN_STANDARD

Environment Variables:
JAVA_HOME=/usr/lib/jvm/jdk1.8.0_121
PATH=/home/atom/bin:/usr/local/sbin:/usr/local/bin:/usr/sbin:/usr/bin:/sbin:/bin:/usr/games:/usr/local/games:/snap/bin:/usr/lib/jvm/jdk1.8.0_121/bin:/usr/lib/jvm/jdk1.8.0_121/db/bin:/usr/lib/jvm/jdk1.8.0_121/jre/bin:/opt/microchip/xc8/v1.36/bin
LD_LIBRARY_PATH=/usr/lib/jvm/jdk1.8.0_121/jre/lib/amd64:/usr/lib/jvm/jdk1.8.0_121/jre/lib/i386:
SHELL=/bin/bash
DISPLAY=:0

Signal Handlers:
SIGSEGV: [libjvm.so+0xac78c0], sa_mask[0]=11111111011111111101111111111110, sa_flags=SA_RESTART|SA_SIGINFO
SIGBUS: [libjvm.so+0xac78c0], sa_mask[0]=11111111011111111101111111111110, sa_flags=SA_RESTART|SA_SIGINFO
SIGFPE: [libjvm.so+0x920ac0], sa_mask[0]=11111111011111111101111111111110, sa_flags=SA_RESTART|SA_SIGINFO
SIGPIPE: [libjvm.so+0x920ac0], sa_mask[0]=11111111011111111101111111111110, sa_flags=SA_RESTART|SA_SIGINFO
SIGXFSZ: [libjvm.so+0x920ac0], sa_mask[0]=11111111011111111101111111111110, sa_flags=SA_RESTART|SA_SIGINFO
SIGILL: [libjvm.so+0x920ac0], sa_mask[0]=11111111011111111101111111111110, sa_flags=SA_RESTART|SA_SIGINFO
SIGUSR1: SIG_DFL, sa_mask[0]=00000000000000000000000000000000, sa_flags=none
SIGUSR2: [libjvm.so+0x922300], sa_mask[0]=00100000000000000000000000000000, sa_flags=SA_RESTART|SA_SIGINFO
SIGHUP: SIG_DFL, sa_mask[0]=00000000000000000000000000000000, sa_flags=none
SIGINT: SIG_IGN, sa_mask[0]=00000000000000000000000000000000, sa_flags=none
SIGTERM: SIG_DFL, sa_mask[0]=00000000000000000000000000000000, sa_flags=none
SIGQUIT: SIG_DFL, sa_mask[0]=00000000000000000000000000000000, sa_flags=none


---------------  S Y S T E M  ---------------

OS:DISTRIB_ID=Ubuntu
DISTRIB_RELEASE=16.04
DISTRIB_CODENAME=xenial
DISTRIB_DESCRIPTION="Ubuntu 16.04.2 LTS"

uname:Linux 4.4.0-79-generic #100-Ubuntu SMP Wed May 17 19:58:14 UTC 2017 x86_64
libc:glibc 2.23 NPTL 2.23 
rlimit: STACK 8192k, CORE 0k, NPROC 30422, NOFILE 65536, AS infinity
load average:4.09 2.27 1.51

/proc/meminfo:
MemTotal:        8024696 kB
MemFree:          120664 kB
MemAvailable:      17472 kB
Buffers:             368 kB
Cached:           212744 kB
SwapCached:         3436 kB
Active:          6470452 kB
Inactive:        1202640 kB
Active(anon):    6463764 kB
Inactive(anon):  1196128 kB
Active(file):       6688 kB
Inactive(file):     6512 kB
Unevictable:         296 kB
Mlocked:             296 kB
SwapTotal:       4102140 kB
SwapFree:              0 kB
Dirty:                56 kB
Writeback:             0 kB
AnonPages:       7458960 kB
Mapped:            44860 kB
Shmem:            198948 kB
Slab:              93556 kB
SReclaimable:      49584 kB
SUnreclaim:        43972 kB
KernelStack:       13696 kB
PageTables:        65892 kB
NFS_Unstable:          0 kB
Bounce:                0 kB
WritebackTmp:          0 kB
CommitLimit:     8114488 kB
Committed_AS:   12416512 kB
VmallocTotal:   34359738367 kB
VmallocUsed:           0 kB
VmallocChunk:          0 kB
HardwareCorrupted:     0 kB
AnonHugePages:   3409920 kB
CmaTotal:              0 kB
CmaFree:               0 kB
HugePages_Total:       0
HugePages_Free:        0
HugePages_Rsvd:        0
HugePages_Surp:        0
Hugepagesize:       2048 kB
DirectMap4k:      182304 kB
DirectMap2M:     8056832 kB


CPU:total 4 (2 cores per cpu, 2 threads per core) family 6 model 42 stepping 7, cmov, cx8, fxsr, mmx, sse, sse2, sse3, ssse3, sse4.1, sse4.2, popcnt, avx, clmul, ht, tsc, tscinvbit

/proc/cpuinfo:
processor	: 0
vendor_id	: GenuineIntel
cpu family	: 6
model		: 42
model name	: Intel(R) Core(TM) i3-2328M CPU @ 2.20GHz
stepping	: 7
microcode	: 0x28
cpu MHz		: 2199.914
cache size	: 3072 KB
physical id	: 0
siblings	: 4
core id		: 0
cpu cores	: 2
apicid		: 0
initial apicid	: 0
fpu		: yes
fpu_exception	: yes
cpuid level	: 13
wp		: yes
flags		: fpu vme de pse tsc msr pae mce cx8 apic sep mtrr pge mca cmov pat pse36 clflush dts acpi mmx fxsr sse sse2 ss ht tm pbe syscall nx rdtscp lm constant_tsc arch_perfmon pebs bts rep_good nopl xtopology nonstop_tsc aperfmperf eagerfpu pni pclmulqdq dtes64 monitor ds_cpl vmx est tm2 ssse3 cx16 xtpr pdcm pcid sse4_1 sse4_2 x2apic popcnt tsc_deadline_timer xsave avx lahf_lm epb tpr_shadow vnmi flexpriority ept vpid xsaveopt dtherm arat pln pts
bugs		:
bogomips	: 4389.78
clflush size	: 64
cache_alignment	: 64
address sizes	: 36 bits physical, 48 bits virtual
power management:

processor	: 1
vendor_id	: GenuineIntel
cpu family	: 6
model		: 42
model name	: Intel(R) Core(TM) i3-2328M CPU @ 2.20GHz
stepping	: 7
microcode	: 0x28
cpu MHz		: 2199.914
cache size	: 3072 KB
physical id	: 0
siblings	: 4
core id		: 0
cpu cores	: 2
apicid		: 1
initial apicid	: 1
fpu		: yes
fpu_exception	: yes
cpuid level	: 13
wp		: yes
flags		: fpu vme de pse tsc msr pae mce cx8 apic sep mtrr pge mca cmov pat pse36 clflush dts acpi mmx fxsr sse sse2 ss ht tm pbe syscall nx rdtscp lm constant_tsc arch_perfmon pebs bts rep_good nopl xtopology nonstop_tsc aperfmperf eagerfpu pni pclmulqdq dtes64 monitor ds_cpl vmx est tm2 ssse3 cx16 xtpr pdcm pcid sse4_1 sse4_2 x2apic popcnt tsc_deadline_timer xsave avx lahf_lm epb tpr_shadow vnmi flexpriority ept vpid xsaveopt dtherm arat pln pts
bugs		:
bogomips	: 4389.78
clflush size	: 64
cache_alignment	: 64
address sizes	: 36 bits physical, 48 bits virtual
power management:

processor	: 2
vendor_id	: GenuineIntel
cpu family	: 6
model		: 42
model name	: Intel(R) Core(TM) i3-2328M CPU @ 2.20GHz
stepping	: 7
microcode	: 0x28
cpu MHz		: 2174.132
cache size	: 3072 KB
physical id	: 0
siblings	: 4
core id		: 1
cpu cores	: 2
apicid		: 2
initial apicid	: 2
fpu		: yes
fpu_exception	: yes
cpuid level	: 13
wp		: yes
flags		: fpu vme de pse tsc msr pae mce cx8 apic sep mtrr pge mca cmov pat pse36 clflush dts acpi mmx fxsr sse sse2 ss ht tm pbe syscall nx rdtscp lm constant_tsc arch_perfmon pebs bts rep_good nopl xtopology nonstop_tsc aperfmperf eagerfpu pni pclmulqdq dtes64 monitor ds_cpl vmx est tm2 ssse3 cx16 xtpr pdcm pcid sse4_1 sse4_2 x2apic popcnt tsc_deadline_timer xsave avx lahf_lm epb tpr_shadow vnmi flexpriority ept vpid xsaveopt dtherm arat pln pts
bugs		:
bogomips	: 4389.78
clflush size	: 64
cache_alignment	: 64
address sizes	: 36 bits physical, 48 bits virtual
power management:

processor	: 3
vendor_id	: GenuineIntel
cpu family	: 6
model		: 42
model name	: Intel(R) Core(TM) i3-2328M CPU @ 2.20GHz
stepping	: 7
microcode	: 0x28
cpu MHz		: 2156.515
cache size	: 3072 KB
physical id	: 0
siblings	: 4
core id		: 1
cpu cores	: 2
apicid		: 3
initial apicid	: 3
fpu		: yes
fpu_exception	: yes
cpuid level	: 13
wp		: yes
flags		: fpu vme de pse tsc msr pae mce cx8 apic sep mtrr pge mca cmov pat pse36 clflush dts acpi mmx fxsr sse sse2 ss ht tm pbe syscall nx rdtscp lm constant_tsc arch_perfmon pebs bts rep_good nopl xtopology nonstop_tsc aperfmperf eagerfpu pni pclmulqdq dtes64 monitor ds_cpl vmx est tm2 ssse3 cx16 xtpr pdcm pcid sse4_1 sse4_2 x2apic popcnt tsc_deadline_timer xsave avx lahf_lm epb tpr_shadow vnmi flexpriority ept vpid xsaveopt dtherm arat pln pts
bugs		:
bogomips	: 4389.78
clflush size	: 64
cache_alignment	: 64
address sizes	: 36 bits physical, 48 bits virtual
power management:



Memory: 4k page, physical 8024696k(120588k free), swap 4102140k(0k free)

vm_info: Java HotSpot(TM) 64-Bit Server VM (25.121-b13) for linux-amd64 JRE (1.8.0_121-b13), built on Dec 12 2016 16:36:53 by "java_re" with gcc 4.3.0 20080428 (Red Hat 4.3.0-8)

time: Sat Jun 10 15:15:51 2017
elapsed time: 0 seconds (0d 0h 0m 0s)

